<persistence xmlns:xsi="http://www.w3.org/2001/XMLSchema-instance" xmlns="http://java.sun.com/xml/ns/persistence"
    xsi:schemaLocation="http://java.sun.com/xml/ns/persistence http://java.sun.com/xml/ns/persistence/persistence_1_0.xsd"
    version="1.0">
    <persistence-unit name="persistence-hmp" transaction-type="JTA">
    
    	<provider>org.hibernate.ejb.HibernatePersistence</provider>
    
    	<jta-data-source>HmpArquillianTest</jta-data-source>
    
    	<class>net.java.examples.hmp.model.test.userchangeinfo.UserChangeInfoTestEntity</class>
    
        <properties>
            <property name="hibernate.dialect" value="org.hibernate.dialect.H2Dialect" />
            <property name="hibernate.show_sql" value="true" />
            <property name="hibernate.format_sql" value="true" />
            <!-- H2: Unique index or primary key violation -->
            <!-- https://groups.google.com/forum/?fromgroups=#!topic/h2-database/yiK7cLt2YbA -->
            <property name="hibernate.id.new_generator_mappings" value="true" />
        </properties>
    </persistence-unit>
</persistence>
